
> pl2@1.0.0 test
> c8 node_modules/.bin/mocha



  When matching canadianPostalCode
    âœ” accepts A7X 2P8
    âœ” accepts P8E 4R2
    âœ” accepts K1V 9P2
    âœ” accepts Y3J 5C0
    âœ” rejects A7X   9B2
    âœ” rejects C7E9U2
    âœ” rejects 
    âœ” rejects Dog
    âœ” rejects K1V	9P2
    âœ” rejects  A7X 2P8
    âœ” rejects A7X 2P8 

  When matching visa
    âœ” accepts 4128976567772613
    âœ” accepts 4089655522138888
    âœ” accepts 4098562516243
    âœ” rejects 43333
    âœ” rejects 42346238746283746823
    âœ” rejects 7687777777263211
    âœ” rejects foo
    âœ” rejects Ï€
    âœ” rejects 4128976567772613 

  When matching masterCard
    âœ” accepts 5100000000000000
    âœ” accepts 5294837679998888
    âœ” accepts 5309888182838282
    âœ” accepts 5599999999999999
    âœ” accepts 2221000000000000
    âœ” accepts 2720999999999999
    âœ” accepts 2578930481258783
    âœ” accepts 2230000000000000
    âœ” rejects 5763777373890002
    âœ” rejects 513988843211541
    âœ” rejects 51398884321108541
    âœ” rejects 
    âœ” rejects OH
    âœ” rejects 5432333xxxxxxxxx

  When matching adaFloat
    âœ” accepts 1
    1) accepts 23_5
    âœ” accepts 4#20#
    âœ” accepts 13#fD34_2_1#
    2) accepts 1.3e2
    3) accepts 11_3.3_3_222E-199
    4) accepts 3#1.2#E33
    âœ” accepts 4e+33
    âœ” rejects dog
    âœ” rejects 4fe
    âœ” rejects p#ii#
    âœ” rejects _
    âœ” rejects _33
    âœ” rejects 3_
    âœ” rejects 5__2
    âœ” rejects 9#88#E-1e3
    âœ” rejects -6

  When matching notThreeEndingInOO
    5) accepts 
    âœ” accepts fog
    âœ” accepts Tho
    âœ” accepts one
    âœ” accepts a
    âœ” accepts ab
    âœ” accepts food
    âœ” accepts Ğ‚Ò‹Ğ
    âœ” rejects fOo
    âœ” rejects gOO
    âœ” rejects HoO
    âœ” rejects Ğ¤oo
    âœ” rejects Ï€OO
    âœ” rejects 1Ï€3
    âœ” rejects A15
    âœ” rejects Ğ»Oo

  When matching divisibleBy32
    âœ” accepts 0
    âœ” accepts 00
    âœ” accepts 000
    âœ” accepts 00000
    âœ” accepts 00000
    âœ” accepts 000000
    âœ” accepts 00000000
    âœ” accepts 110100000
    âœ” accepts 10010101000000
    âœ” rejects 1
    âœ” rejects 0000000010000
    âœ” rejects 1000000001
    âœ” rejects dog0000000
    âœ” rejects 200000

  When matching sevenThroughThirtyOne
    âœ” accepts 7
    âœ” accepts 8
    âœ” accepts 9
    âœ” accepts 10
    âœ” accepts 11
    âœ” accepts 12
    âœ” accepts 13
    âœ” accepts 14
    âœ” accepts 15
    âœ” accepts 16
    âœ” accepts 17
    âœ” accepts 18
    âœ” accepts 19
    âœ” accepts 20
    âœ” accepts 21
    âœ” accepts 22
    âœ” accepts 23
    âœ” accepts 24
    âœ” accepts 25
    âœ” accepts 26
    âœ” accepts 27
    âœ” accepts 28
    âœ” accepts 29
    âœ” accepts 30
    âœ” rejects 1
    âœ” rejects 0
    âœ” rejects 00003
    âœ” rejects dog
    âœ” rejects 
    âœ” rejects 361
    âœ” rejects 90
    âœ” rejects 6
    âœ” rejects -11
    âœ” rejects 32
    âœ” rejects 123z

  When matching mLComment
    âœ” accepts (**)
    âœ” accepts (*  *)
    âœ” accepts (*756****)
    âœ” accepts (*****)
    âœ” accepts (*(*(******9*)
    âœ” rejects 
    âœ” rejects (*)
    âœ” rejects (**
    âœ” rejects dog
    6) rejects (* before (* inner *) after *)
    7) rejects (* extra space *) 

  When matching notFileForFirstNoLookAround
    âœ” accepts 
    âœ” accepts files
    âœ” accepts fors
    âœ” accepts FOR
    âœ” accepts thefirst
    âœ” accepts afile
    âœ” accepts fork
    âœ” accepts fILE
    âœ” accepts fifor
    âœ” rejects file
    âœ” rejects for
    âœ” rejects first

  When matching cOctal
    âœ” accepts 0
    âœ” accepts 027
    âœ” accepts 0777
    âœ” accepts 07766554433221100
    âœ” accepts 000000
    8) rejects 08
    9) rejects 099
    10) rejects 100
    âœ” rejects 777
    11) rejects 011542651234612487236

  When matching restrictedFloatingPoint
    âœ” accepts 2
    âœ” accepts 11.5
    âœ” accepts 9.E111
    âœ” accepts 233E17
    âœ” accepts 15.0E999
    âœ” accepts 11E982
    âœ” accepts 3290.182937482364723887E-98
    âœ” accepts 1e3
    âœ” accepts 25.
    âœ” accepts 00.2E+2
    âœ” rejects 
    âœ” rejects dog
    12) rejects 3.1E9012
    13) rejects 22.3221E
    14) rejects 2e

  When matching palindrome2358
    15) accepts Ï€Ï€
    16) accepts Â©&Â©
    17) accepts 0@âˆ‚@0
    18) accepts ğŸ”­Ã±abbaÃ±ğŸ”­
    âœ” rejects Ğ Ğ¾ÑÑ–Ğ¹ÑÑŒĞºĞ¸Ğ¹
    âœ” rejects Ğ²Ñ–Ğ¹ÑÑŒĞºĞ¾Ğ²Ğ¸Ğ¹
    âœ” rejects ĞºĞ¾Ñ€Ğ°Ğ±ĞµĞ»ÑŒ
    âœ” rejects A
    âœ” rejects BBBB
    âœ” rejects #$%%$#

  When matching noNegativeIntLits
    19) accepts 12
    20) accepts 7 dogs
    âœ” accepts I have 8 rats
    âœ” accepts Got response 404
    âœ” accepts hAx0r
    âœ” accepts What is 2-3?
    âœ” rejects 
    âœ” rejects -3
    21) rejects Shoot it was -16
    âœ” rejects -2-2-2-2-2
    âœ” rejects -420
    22) rejects A -300 A

  When matching repeated
    23) accepts badbad
    24) accepts 
    25) accepts wootwoot
    26) accepts bebe
    27) accepts swooshswoosh
    âœ” rejects aba
    âœ” rejects zzyzz
    28) rejects ABAB
    29) rejects ZooZ
    âœ” rejects 123123

  When matching notFileForFirstWithLookAround
    âœ” accepts 
    âœ” accepts files
    âœ” accepts fors
    âœ” accepts FOR
    âœ” accepts thefirst
    âœ” accepts afile
    âœ” accepts fork
    âœ” accepts fILE
    âœ” accepts fifor
    âœ” rejects file
    âœ” rejects for
    âœ” rejects first


  179 passing (64ms)
  29 failing

  1) When matching adaFloat
       accepts 23_5:

      AssertionError [ERR_ASSERTION]: false == true
      + expected - actual

      -false
      +true
      
      at Context.<anonymous> (file:///Users/lee/Downloads/pl2/test/matching.test.js:179:24)
      at processImmediate (internal/timers.js:464:21)

  2) When matching adaFloat
       accepts 1.3e2:

      AssertionError [ERR_ASSERTION]: false == true
      + expected - actual

      -false
      +true
      
      at Context.<anonymous> (file:///Users/lee/Downloads/pl2/test/matching.test.js:179:24)
      at processImmediate (internal/timers.js:464:21)

  3) When matching adaFloat
       accepts 11_3.3_3_222E-199:

      AssertionError [ERR_ASSERTION]: false == true
      + expected - actual

      -false
      +true
      
      at Context.<anonymous> (file:///Users/lee/Downloads/pl2/test/matching.test.js:179:24)
      at processImmediate (internal/timers.js:464:21)

  4) When matching adaFloat
       accepts 3#1.2#E33:

      AssertionError [ERR_ASSERTION]: false == true
      + expected - actual

      -false
      +true
      
      at Context.<anonymous> (file:///Users/lee/Downloads/pl2/test/matching.test.js:179:24)
      at processImmediate (internal/timers.js:464:21)

  5) When matching notThreeEndingInOO
       accepts :

      AssertionError [ERR_ASSERTION]: false == true
      + expected - actual

      -false
      +true
      
      at Context.<anonymous> (file:///Users/lee/Downloads/pl2/test/matching.test.js:179:24)
      at processImmediate (internal/timers.js:464:21)

  6) When matching mLComment
       rejects (* before (* inner *) after *):

      AssertionError [ERR_ASSERTION]: false == true
      + expected - actual

      -false
      +true
      
      at Context.<anonymous> (file:///Users/lee/Downloads/pl2/test/matching.test.js:184:24)
      at processImmediate (internal/timers.js:464:21)

  7) When matching mLComment
       rejects (* extra space *) :

      AssertionError [ERR_ASSERTION]: false == true
      + expected - actual

      -false
      +true
      
      at Context.<anonymous> (file:///Users/lee/Downloads/pl2/test/matching.test.js:184:24)
      at processImmediate (internal/timers.js:464:21)

  8) When matching cOctal
       rejects 08:

      AssertionError [ERR_ASSERTION]: false == true
      + expected - actual

      -false
      +true
      
      at Context.<anonymous> (file:///Users/lee/Downloads/pl2/test/matching.test.js:184:24)
      at processImmediate (internal/timers.js:464:21)

  9) When matching cOctal
       rejects 099:

      AssertionError [ERR_ASSERTION]: false == true
      + expected - actual

      -false
      +true
      
      at Context.<anonymous> (file:///Users/lee/Downloads/pl2/test/matching.test.js:184:24)
      at processImmediate (internal/timers.js:464:21)

  10) When matching cOctal
       rejects 100:

      AssertionError [ERR_ASSERTION]: false == true
      + expected - actual

      -false
      +true
      
      at Context.<anonymous> (file:///Users/lee/Downloads/pl2/test/matching.test.js:184:24)
      at processImmediate (internal/timers.js:464:21)

  11) When matching cOctal
       rejects 011542651234612487236:

      AssertionError [ERR_ASSERTION]: false == true
      + expected - actual

      -false
      +true
      
      at Context.<anonymous> (file:///Users/lee/Downloads/pl2/test/matching.test.js:184:24)
      at processImmediate (internal/timers.js:464:21)

  12) When matching restrictedFloatingPoint
       rejects 3.1E9012:

      AssertionError [ERR_ASSERTION]: false == true
      + expected - actual

      -false
      +true
      
      at Context.<anonymous> (file:///Users/lee/Downloads/pl2/test/matching.test.js:184:24)
      at processImmediate (internal/timers.js:464:21)

  13) When matching restrictedFloatingPoint
       rejects 22.3221E:

      AssertionError [ERR_ASSERTION]: false == true
      + expected - actual

      -false
      +true
      
      at Context.<anonymous> (file:///Users/lee/Downloads/pl2/test/matching.test.js:184:24)
      at processImmediate (internal/timers.js:464:21)

  14) When matching restrictedFloatingPoint
       rejects 2e:

      AssertionError [ERR_ASSERTION]: false == true
      + expected - actual

      -false
      +true
      
      at Context.<anonymous> (file:///Users/lee/Downloads/pl2/test/matching.test.js:184:24)
      at processImmediate (internal/timers.js:464:21)

  15) When matching palindrome2358
       accepts Ï€Ï€:

      AssertionError [ERR_ASSERTION]: false == true
      + expected - actual

      -false
      +true
      
      at Context.<anonymous> (file:///Users/lee/Downloads/pl2/test/matching.test.js:179:24)
      at processImmediate (internal/timers.js:464:21)

  16) When matching palindrome2358
       accepts Â©&Â©:

      AssertionError [ERR_ASSERTION]: false == true
      + expected - actual

      -false
      +true
      
      at Context.<anonymous> (file:///Users/lee/Downloads/pl2/test/matching.test.js:179:24)
      at processImmediate (internal/timers.js:464:21)

  17) When matching palindrome2358
       accepts 0@âˆ‚@0:

      AssertionError [ERR_ASSERTION]: false == true
      + expected - actual

      -false
      +true
      
      at Context.<anonymous> (file:///Users/lee/Downloads/pl2/test/matching.test.js:179:24)
      at processImmediate (internal/timers.js:464:21)

  18) When matching palindrome2358
       accepts ğŸ”­Ã±abbaÃ±ğŸ”­:

      AssertionError [ERR_ASSERTION]: false == true
      + expected - actual

      -false
      +true
      
      at Context.<anonymous> (file:///Users/lee/Downloads/pl2/test/matching.test.js:179:24)
      at processImmediate (internal/timers.js:464:21)

  19) When matching noNegativeIntLits
       accepts 12:

      AssertionError [ERR_ASSERTION]: false == true
      + expected - actual

      -false
      +true
      
      at Context.<anonymous> (file:///Users/lee/Downloads/pl2/test/matching.test.js:179:24)
      at processImmediate (internal/timers.js:464:21)

  20) When matching noNegativeIntLits
       accepts 7 dogs:

      AssertionError [ERR_ASSERTION]: false == true
      + expected - actual

      -false
      +true
      
      at Context.<anonymous> (file:///Users/lee/Downloads/pl2/test/matching.test.js:179:24)
      at processImmediate (internal/timers.js:464:21)

  21) When matching noNegativeIntLits
       rejects Shoot it was -16:

      AssertionError [ERR_ASSERTION]: false == true
      + expected - actual

      -false
      +true
      
      at Context.<anonymous> (file:///Users/lee/Downloads/pl2/test/matching.test.js:184:24)
      at processImmediate (internal/timers.js:464:21)

  22) When matching noNegativeIntLits
       rejects A -300 A:

      AssertionError [ERR_ASSERTION]: false == true
      + expected - actual

      -false
      +true
      
      at Context.<anonymous> (file:///Users/lee/Downloads/pl2/test/matching.test.js:184:24)
      at processImmediate (internal/timers.js:464:21)

  23) When matching repeated
       accepts badbad:

      AssertionError [ERR_ASSERTION]: false == true
      + expected - actual

      -false
      +true
      
      at Context.<anonymous> (file:///Users/lee/Downloads/pl2/test/matching.test.js:179:24)
      at processImmediate (internal/timers.js:464:21)

  24) When matching repeated
       accepts :

      AssertionError [ERR_ASSERTION]: false == true
      + expected - actual

      -false
      +true
      
      at Context.<anonymous> (file:///Users/lee/Downloads/pl2/test/matching.test.js:179:24)
      at processImmediate (internal/timers.js:464:21)

  25) When matching repeated
       accepts wootwoot:

      AssertionError [ERR_ASSERTION]: false == true
      + expected - actual

      -false
      +true
      
      at Context.<anonymous> (file:///Users/lee/Downloads/pl2/test/matching.test.js:179:24)
      at processImmediate (internal/timers.js:464:21)

  26) When matching repeated
       accepts bebe:

      AssertionError [ERR_ASSERTION]: false == true
      + expected - actual

      -false
      +true
      
      at Context.<anonymous> (file:///Users/lee/Downloads/pl2/test/matching.test.js:179:24)
      at processImmediate (internal/timers.js:464:21)

  27) When matching repeated
       accepts swooshswoosh:

      AssertionError [ERR_ASSERTION]: false == true
      + expected - actual

      -false
      +true
      
      at Context.<anonymous> (file:///Users/lee/Downloads/pl2/test/matching.test.js:179:24)
      at processImmediate (internal/timers.js:464:21)

  28) When matching repeated
       rejects ABAB:

      AssertionError [ERR_ASSERTION]: false == true
      + expected - actual

      -false
      +true
      
      at Context.<anonymous> (file:///Users/lee/Downloads/pl2/test/matching.test.js:184:24)
      at processImmediate (internal/timers.js:464:21)

  29) When matching repeated
       rejects ZooZ:

      AssertionError [ERR_ASSERTION]: false == true
      + expected - actual

      -false
      +true
      
      at Context.<anonymous> (file:///Users/lee/Downloads/pl2/test/matching.test.js:184:24)
      at processImmediate (internal/timers.js:464:21)



-------------------|---------|----------|---------|---------|-------------------
File               | % Stmts | % Branch | % Funcs | % Lines | Uncovered Line #s 
-------------------|---------|----------|---------|---------|-------------------
All files          |     100 |      100 |     100 |     100 |                   
 regex_practice.js |     100 |      100 |     100 |     100 |                   
-------------------|---------|----------|---------|---------|-------------------
